Using pre-set license
Built from '2020.2/release' branch; Version is '2020.2.1f1 (270dd8c3da1c) revision 2559448'; Using compiler version '192528614'; Build Type 'Release'
OS: 'Windows 10  (10.0.0) 64bit' Language: 'zh' Physical Memory: 6060 MB
BatchMode: 1, IsHumanControllingUs: 0, StartBugReporterOnCrash: 0, Is64bit: 1, IsPro: 0

 COMMAND LINE ARGUMENTS:
D:\Unity\2020.1.16f1\Editor\Unity.exe
-adb2
-batchMode
-noUpm
-name
AssetImportWorker0
-projectPath
C:/Users/veled/Desktop/prototype3
-logFile
Logs/AssetImportWorker0.log
-srvPort
50613
Successfully changed project path to: C:/Users/veled/Desktop/prototype3
C:/Users/veled/Desktop/prototype3
Using Asset Import Pipeline V2.
Refreshing native plugins compatible for Editor in 182.90 ms, found 0 plugins.
Preloading 0 native plugins for Editor in 0.00 ms.
Initialize engine version: 2020.2.1f1 (270dd8c3da1c)
[Subsystems] Discovering subsystems at path D:/Unity/2020.1.16f1/Editor/Data/Resources/UnitySubsystems
[Subsystems] Discovering subsystems at path C:/Users/veled/Desktop/prototype3/Assets
GfxDevice: creating device client; threaded=0
Direct3D:
    Version:  Direct3D 11.0 [level 11.1]
    Renderer: AMD Radeon(TM) Vega 8 Graphics (ID=0x15d8)
    Vendor:   
    VRAM:     3030 MB
    Driver:   27.20.11044.7
Initialize mono
Mono path[0] = 'D:/Unity/2020.1.16f1/Editor/Data/Managed'
Mono path[1] = 'D:/Unity/2020.1.16f1/Editor/Data/MonoBleedingEdge/lib/mono/unityjit'
Mono config path = 'D:/Unity/2020.1.16f1/Editor/Data/MonoBleedingEdge/etc'
Using monoOptions --debugger-agent=transport=dt_socket,embedding=1,server=y,suspend=n,address=127.0.0.1:56248
Begin MonoManager ReloadAssembly
Registering precompiled unity dll's ...
Register platform support module: D:/Unity/2020.1.16f1/Editor/Data/PlaybackEngines/WindowsStandaloneSupport/UnityEditor.WindowsStandalone.Extensions.dll
Registered in 0.003441 seconds.
Native extension for WindowsStandalone target not found
Refreshing native plugins compatible for Editor in 163.40 ms, found 0 plugins.
Preloading 0 native plugins for Editor in 0.00 ms.
Invoked RoslynAnalysisRunner static constructor.
RoslynAnalysisRunner will not be running.
RoslynAnalysisRunner has terminated.
Mono: successfully reloaded assembly
- Completed reload, in  2.806 seconds
Platform modules already initialized, skipping
Registering precompiled user dll's ...
Registered in 0.005070 seconds.
Begin MonoManager ReloadAssembly
Native extension for WindowsStandalone target not found
Refreshing native plugins compatible for Editor in 178.69 ms, found 0 plugins.
Preloading 0 native plugins for Editor in 0.00 ms.
Invoked RoslynAnalysisRunner static constructor.
RoslynAnalysisRunner will not be running.
RoslynAnalysisRunner has terminated.
Mono: successfully reloaded assembly
- Completed reload, in  3.150 seconds
Platform modules already initialized, skipping
========================================================================
Worker process is ready to serve import requests
Launched and connected shader compiler UnityShaderCompiler.exe after 0.11 seconds
Refreshing native plugins compatible for Editor in 1.51 ms, found 0 plugins.
Preloading 0 native plugins for Editor in 0.00 ms.
Unloading 3462 Unused Serialized files (Serialized files now loaded: 0)
System memory in use before: 169.6 MB.
System memory in use after: 167.0 MB.

Unloading 43 unused Assets to reduce memory usage. Loaded Objects now: 3890.
Total: 12.935600 ms (FindLiveObjects: 1.062900 ms CreateObjectMapping: 0.177700 ms MarkObjects: 6.370500 ms  DeleteObjects: 5.316100 ms)

========================================================================
Received Import Request.
  path: Assets/Scripts/SimpleCameraController.cs
  artifactKey: Guid(14e519c409be4a1428028347410f5677) Importer(815301076,1909f56bfc062723c751e8b465ee728b)
Start importing Assets/Scripts/SimpleCameraController.cs using Guid(14e519c409be4a1428028347410f5677) Importer(815301076,1909f56bfc062723c751e8b465ee728b)  -> (artifact id: 'd86f9e9c5a8cb40b821ba6319ba28346') in 0.094138 seconds
  Import took 0.113344 seconds .

========================================================================
Received Import Request.
  Time since last request: 0.001290 seconds.
  path: Assets/Scripts/LookWithMouse.cs
  artifactKey: Guid(4eb578550bc4f824e97f0a72eac1f3a5) Importer(815301076,1909f56bfc062723c751e8b465ee728b)
Start importing Assets/Scripts/LookWithMouse.cs using Guid(4eb578550bc4f824e97f0a72eac1f3a5) Importer(815301076,1909f56bfc062723c751e8b465ee728b)  -> (artifact id: '4e997f9450d760ac98f54e732533f2ae') in 0.026256 seconds
  Import took 0.038491 seconds .

========================================================================
Received Prepare
Registering precompiled user dll's ...
Registered in 0.004006 seconds.
Begin MonoManager ReloadAssembly
Native extension for WindowsStandalone target not found
Refreshing native plugins compatible for Editor in 0.79 ms, found 0 plugins.
Preloading 0 native plugins for Editor in 0.00 ms.
Invoked RoslynAnalysisRunner static constructor.
RoslynAnalysisRunner will not be running.
RoslynAnalysisRunner has terminated.
Mono: successfully reloaded assembly
- Completed reload, in  1.600 seconds
Platform modules already initialized, skipping
Refreshing native plugins compatible for Editor in 0.81 ms, found 0 plugins.
Preloading 0 native plugins for Editor in 0.00 ms.
Unloading 3214 Unused Serialized files (Serialized files now loaded: 0)
System memory in use before: 160.2 MB.
System memory in use after: 157.6 MB.

Unloading 38 unused Assets to reduce memory usage. Loaded Objects now: 3892.
Total: 7.255300 ms (FindLiveObjects: 1.128200 ms CreateObjectMapping: 0.485300 ms MarkObjects: 3.027800 ms  DeleteObjects: 2.610800 ms)

========================================================================
Received Prepare
Registering precompiled user dll's ...
Registered in 0.020442 seconds.
Begin MonoManager ReloadAssembly
Native extension for WindowsStandalone target not found
Refreshing native plugins compatible for Editor in 1.36 ms, found 0 plugins.
Preloading 0 native plugins for Editor in 0.00 ms.
Invoked RoslynAnalysisRunner static constructor.
RoslynAnalysisRunner will not be running.
RoslynAnalysisRunner has terminated.
Mono: successfully reloaded assembly
- Completed reload, in  2.323 seconds
Platform modules already initialized, skipping
Refreshing native plugins compatible for Editor in 1.16 ms, found 0 plugins.
Preloading 0 native plugins for Editor in 0.00 ms.
Unloading 3214 Unused Serialized files (Serialized files now loaded: 0)
System memory in use before: 160.3 MB.
System memory in use after: 157.7 MB.

Unloading 38 unused Assets to reduce memory usage. Loaded Objects now: 3894.
Total: 13.563100 ms (FindLiveObjects: 1.626300 ms CreateObjectMapping: 0.874000 ms MarkObjects: 6.564300 ms  DeleteObjects: 4.491300 ms)

========================================================================
Received Import Request.
  Time since last request: 673.250219 seconds.
  path: Assets/Art/Meshes/Props/Ball/Prefab/BallSmall_01.prefab
  artifactKey: Guid(cd2b215a20b3dff47abae5d2785aed7c) Importer(815301076,1909f56bfc062723c751e8b465ee728b)
Start importing Assets/Art/Meshes/Props/Ball/Prefab/BallSmall_01.prefab using Guid(cd2b215a20b3dff47abae5d2785aed7c) Importer(815301076,1909f56bfc062723c751e8b465ee728b)  -> (artifact id: '67baba8810f1c48fc86069106d8935a9') in 1.533918 seconds
  Import took 1.553493 seconds .

========================================================================
Received Import Request.
  Time since last request: 0.000950 seconds.
  path: Packages/com.unity.render-pipelines.core/Runtime/Debugging/Prefabs/Widgets/DebugUI EnumHistory.prefab
  artifactKey: Guid(b2da6b27df236b144b3516ed8e7d36ac) Importer(815301076,1909f56bfc062723c751e8b465ee728b)
Start importing Packages/com.unity.render-pipelines.core/Runtime/Debugging/Prefabs/Widgets/DebugUI EnumHistory.prefab using Guid(b2da6b27df236b144b3516ed8e7d36ac) Importer(815301076,1909f56bfc062723c751e8b465ee728b)  -> (artifact id: 'ab39e996b4ec8d3688ed205f0ad0a859') in 0.057305 seconds
  Import took 0.071540 seconds .

========================================================================
Received Import Request.
  Time since last request: 0.000440 seconds.
  path: Packages/com.unity.render-pipelines.core/Runtime/Debugging/Prefabs/Widgets/DebugUI Group.prefab
  artifactKey: Guid(38a07789c9e87004dad98c2909f58369) Importer(815301076,1909f56bfc062723c751e8b465ee728b)
Start importing Packages/com.unity.render-pipelines.core/Runtime/Debugging/Prefabs/Widgets/DebugUI Group.prefab using Guid(38a07789c9e87004dad98c2909f58369) Importer(815301076,1909f56bfc062723c751e8b465ee728b)  -> (artifact id: '8c93fd91c6f2ae7facf631dd2e15fbaa') in 0.042243 seconds
  Import took 0.053238 seconds .

========================================================================
Received Import Request.
  Time since last request: 0.000597 seconds.
  path: Packages/com.unity.render-pipelines.core/Runtime/Debugging/Prefabs/Resources/DebugUI Persistent Canvas.prefab
  artifactKey: Guid(f6b1a0fe75d5009449cf55ae76220e2b) Importer(815301076,1909f56bfc062723c751e8b465ee728b)
Start importing Packages/com.unity.render-pipelines.core/Runtime/Debugging/Prefabs/Resources/DebugUI Persistent Canvas.prefab using Guid(f6b1a0fe75d5009449cf55ae76220e2b) Importer(815301076,1909f56bfc062723c751e8b465ee728b)  -> (artifact id: '30ea9e9b4731d5d365fdd6bf3eec951f') in 0.030066 seconds
  Import took 0.042400 seconds .

========================================================================
Received Import Request.
  Time since last request: 0.000480 seconds.
  path: Assets/Art/Meshes/Props/Nature/Prefab/Fern_01.prefab
  artifactKey: Guid(0a1b602fab799994198f1ac6c6a0d2de) Importer(815301076,1909f56bfc062723c751e8b465ee728b)
Start importing Assets/Art/Meshes/Props/Nature/Prefab/Fern_01.prefab using Guid(0a1b602fab799994198f1ac6c6a0d2de) Importer(815301076,1909f56bfc062723c751e8b465ee728b)  -> (artifact id: '44513cbae52fd58c966ffce4792f1ec4') in 1.479826 seconds
  Import took 1.495284 seconds .

========================================================================
Received Import Request.
  Time since last request: 0.000421 seconds.
  path: Assets/Art/Meshes/Structure/Prefab/FR_SectionA_01.prefab
  artifactKey: Guid(7e9b6f9789d8de649bcf0487d29fd33f) Importer(815301076,1909f56bfc062723c751e8b465ee728b)
Start importing Assets/Art/Meshes/Structure/Prefab/FR_SectionA_01.prefab using Guid(7e9b6f9789d8de649bcf0487d29fd33f) Importer(815301076,1909f56bfc062723c751e8b465ee728b)  -> (artifact id: 'ec3044b05036498b8d8d753526a1210c') in 0.184709 seconds
  Import took 0.195876 seconds .

========================================================================
Received Import Request.
  Time since last request: 0.000589 seconds.
  path: Assets/Art/Meshes/Props/Furniture/Prefabs/Pot_01.prefab
  artifactKey: Guid(53cdc053120460648a44ca37fd4d63cd) Importer(815301076,1909f56bfc062723c751e8b465ee728b)
Start importing Assets/Art/Meshes/Props/Furniture/Prefabs/Pot_01.prefab using Guid(53cdc053120460648a44ca37fd4d63cd) Importer(815301076,1909f56bfc062723c751e8b465ee728b)  -> (artifact id: 'c476b5b8f8835783ccfa701b57a0ce8f') in 0.115843 seconds
  Import took 0.127515 seconds .

========================================================================
Received Import Request.
  Time since last request: 0.000597 seconds.
  path: Assets/Art/Meshes/Props/Lights/Prefab/Spotlight_Structure_01a.prefab
  artifactKey: Guid(ed8018405631d604492350bae6252306) Importer(815301076,1909f56bfc062723c751e8b465ee728b)
Start importing Assets/Art/Meshes/Props/Lights/Prefab/Spotlight_Structure_01a.prefab using Guid(ed8018405631d604492350bae6252306) Importer(815301076,1909f56bfc062723c751e8b465ee728b)  -> (artifact id: '3e2db8d1f869e517df6398cb015035ec') in 1.202777 seconds
  Import took 1.218107 seconds .

========================================================================
Received Import Request.
  Time since last request: 0.000825 seconds.
  path: Assets/Art/Meshes/Props/Nature/Prefab/Rock_A_03.prefab
  artifactKey: Guid(48a02580dbdd33b47883840a5ecbd493) Importer(815301076,1909f56bfc062723c751e8b465ee728b)
Start importing Assets/Art/Meshes/Props/Nature/Prefab/Rock_A_03.prefab using Guid(48a02580dbdd33b47883840a5ecbd493) Importer(815301076,1909f56bfc062723c751e8b465ee728b)  -> (artifact id: '39ac96c1c424138dc780bc5e85d8b2ef') in 0.169376 seconds
  Import took 0.189049 seconds .

========================================================================
Received Import Request.
  Time since last request: 0.002811 seconds.
  path: Assets/Art/Meshes/Props/Nature/Prefab/Bamboo_A.prefab
  artifactKey: Guid(2d2095b3f1c3f3244bb95037ec5dd6f6) Importer(815301076,1909f56bfc062723c751e8b465ee728b)
Start importing Assets/Art/Meshes/Props/Nature/Prefab/Bamboo_A.prefab using Guid(2d2095b3f1c3f3244bb95037ec5dd6f6) Importer(815301076,1909f56bfc062723c751e8b465ee728b)  -> (artifact id: 'ec7cba0edca9eb40f0160470f8b7c243') in 4.113955 seconds
  Import took 4.144364 seconds .

========================================================================
Received Import Request.
  Time since last request: 0.000662 seconds.
  path: Packages/com.unity.render-pipelines.core/Runtime/Debugging/Prefabs/Widgets/DebugUI Row.prefab
  artifactKey: Guid(2d019437ff89b8d44949727731cd9357) Importer(815301076,1909f56bfc062723c751e8b465ee728b)
Start importing Packages/com.unity.render-pipelines.core/Runtime/Debugging/Prefabs/Widgets/DebugUI Row.prefab using Guid(2d019437ff89b8d44949727731cd9357) Importer(815301076,1909f56bfc062723c751e8b465ee728b)  -> (artifact id: '0a1bd34b0c02e90d543daa6f65b533ae') in 0.062828 seconds
  Import took 0.078410 seconds .

========================================================================
Received Import Request.
  Time since last request: 0.000891 seconds.
  path: Packages/com.unity.render-pipelines.core/Runtime/Debugging/Prefabs/Widgets/DebugUI ToggleHistory.prefab
  artifactKey: Guid(5088d0220f0c4df439cf06c5c270eacb) Importer(815301076,1909f56bfc062723c751e8b465ee728b)
Start importing Packages/com.unity.render-pipelines.core/Runtime/Debugging/Prefabs/Widgets/DebugUI ToggleHistory.prefab using Guid(5088d0220f0c4df439cf06c5c270eacb) Importer(815301076,1909f56bfc062723c751e8b465ee728b)  -> (artifact id: '9cf22c33a5fedfc0d72b64355dd1f430') in 0.050392 seconds
  Import took 0.066605 seconds .

========================================================================
Received Import Request.
  Time since last request: 0.000487 seconds.
  path: Assets/Art/Meshes/Props/Nature/Prefab/Rock_A_02.prefab
  artifactKey: Guid(d300c554f4589a640a733a84d30422d4) Importer(815301076,1909f56bfc062723c751e8b465ee728b)
Start importing Assets/Art/Meshes/Props/Nature/Prefab/Rock_A_02.prefab using Guid(d300c554f4589a640a733a84d30422d4) Importer(815301076,1909f56bfc062723c751e8b465ee728b)  -> (artifact id: '2def186ea19b4abe9fb8937a78a8c583') in 0.098967 seconds
  Import took 0.110581 seconds .

========================================================================
Received Import Request.
  Time since last request: 0.000516 seconds.
  path: Packages/com.unity.render-pipelines.core/Runtime/Debugging/Prefabs/Widgets/DebugUI Foldout.prefab
  artifactKey: Guid(1c87ab2ce8b8b304d98fbe9a734b1f74) Importer(815301076,1909f56bfc062723c751e8b465ee728b)
Start importing Packages/com.unity.render-pipelines.core/Runtime/Debugging/Prefabs/Widgets/DebugUI Foldout.prefab using Guid(1c87ab2ce8b8b304d98fbe9a734b1f74) Importer(815301076,1909f56bfc062723c751e8b465ee728b)  -> (artifact id: '45d64cece3b3a1e9b5064aaeed83970c') in 0.022694 seconds
  Import took 0.032247 seconds .

========================================================================
Received Import Request.
  Time since last request: 0.000432 seconds.
  path: Assets/Art/Meshes/Props/Furniture/Prefabs/RoundTable_01.prefab
  artifactKey: Guid(cac28057e6804de4f808f114b8b6bf56) Importer(815301076,1909f56bfc062723c751e8b465ee728b)
Start importing Assets/Art/Meshes/Props/Furniture/Prefabs/RoundTable_01.prefab using Guid(cac28057e6804de4f808f114b8b6bf56) Importer(815301076,1909f56bfc062723c751e8b465ee728b)  -> (artifact id: '06f0cee069a5672704d4fe149b7cfc64') in 0.090713 seconds
  Import took 0.102047 seconds .

========================================================================
Received Import Request.
  Time since last request: 0.000367 seconds.
  path: Assets/Art/Meshes/Props/Furniture/Prefabs/GlassCase_01.prefab
  artifactKey: Guid(b831ff5e0c2d5474595dad56ae83ee76) Importer(815301076,1909f56bfc062723c751e8b465ee728b)
Start importing Assets/Art/Meshes/Props/Furniture/Prefabs/GlassCase_01.prefab using Guid(b831ff5e0c2d5474595dad56ae83ee76) Importer(815301076,1909f56bfc062723c751e8b465ee728b)  -> (artifact id: 'e4f6ce41e4ebe2817589f7d00d6e8830') in 0.094857 seconds
  Import took 0.104805 seconds .

========================================================================
Received Import Request.
  Time since last request: 0.000675 seconds.
  path: Packages/com.unity.render-pipelines.core/Runtime/Debugging/Prefabs/Widgets/DebugUI Panel.prefab
  artifactKey: Guid(daa46a58178a6ad41ae1ddc2dc7f856d) Importer(815301076,1909f56bfc062723c751e8b465ee728b)
Start importing Packages/com.unity.render-pipelines.core/Runtime/Debugging/Prefabs/Widgets/DebugUI Panel.prefab using Guid(daa46a58178a6ad41ae1ddc2dc7f856d) Importer(815301076,1909f56bfc062723c751e8b465ee728b)  -> (artifact id: 'f3d1c716b9927403d2f4215c71337cb3') in 0.034232 seconds
  Import took 0.044484 seconds .

========================================================================
Received Import Request.
  Time since last request: 0.000304 seconds.
  path: Packages/com.unity.render-pipelines.core/Runtime/Debugging/Prefabs/Widgets/DebugUI UIntField.prefab
  artifactKey: Guid(f22bcc84a5f4a1944b075a2c4ac71493) Importer(815301076,1909f56bfc062723c751e8b465ee728b)
Start importing Packages/com.unity.render-pipelines.core/Runtime/Debugging/Prefabs/Widgets/DebugUI UIntField.prefab using Guid(f22bcc84a5f4a1944b075a2c4ac71493) Importer(815301076,1909f56bfc062723c751e8b465ee728b)  -> (artifact id: 'b9ff9c3fdf46185c4633395391c08edf') in 0.018334 seconds
  Import took 0.026961 seconds .

========================================================================
Received Import Request.
  Time since last request: 0.000343 seconds.
  path: Assets/Art/Meshes/Props/Lights/Prefab/Light_Spot_1200lm.prefab
  artifactKey: Guid(dbe8cbbfe4750f4429ff7e163423dfe6) Importer(815301076,1909f56bfc062723c751e8b465ee728b)
Start importing Assets/Art/Meshes/Props/Lights/Prefab/Light_Spot_1200lm.prefab using Guid(dbe8cbbfe4750f4429ff7e163423dfe6) Importer(815301076,1909f56bfc062723c751e8b465ee728b)  -> (artifact id: '617e23e648c98e3b0551b1ae1b0ffd65') in 0.030745 seconds
  Import took 0.039301 seconds .

========================================================================
Received Import Request.
  Time since last request: 0.000341 seconds.
  path: Assets/Art/Meshes/Props/Lights/Prefab/Light_Spot_1600lm.prefab
  artifactKey: Guid(d7af645ccfc58e14692b118dddb559b7) Importer(815301076,1909f56bfc062723c751e8b465ee728b)
Start importing Assets/Art/Meshes/Props/Lights/Prefab/Light_Spot_1600lm.prefab using Guid(d7af645ccfc58e14692b118dddb559b7) Importer(815301076,1909f56bfc062723c751e8b465ee728b)  -> (artifact id: 'cc50debc13e4d7b4aa301a7022f14bcb') in 0.018086 seconds
  Import took 0.026947 seconds .

========================================================================
Received Import Request.
  Time since last request: 0.000279 seconds.
  path: Assets/Art/Meshes/Structure/Prefab/TR_SectionA_01.prefab
  artifactKey: Guid(21070906cbcbb6541b8cf1d24a5c4fbc) Importer(815301076,1909f56bfc062723c751e8b465ee728b)
Start importing Assets/Art/Meshes/Structure/Prefab/TR_SectionA_01.prefab using Guid(21070906cbcbb6541b8cf1d24a5c4fbc) Importer(815301076,1909f56bfc062723c751e8b465ee728b)  -> (artifact id: '652f1c6475fb320e59f97b7ad5ebbaf8') in 1.346080 seconds
  Import took 1.358638 seconds .

========================================================================
Received Import Request.
  Time since last request: 0.000981 seconds.
  path: Assets/Art/Meshes/Props/Furniture/Prefabs/BarStool_01.prefab
  artifactKey: Guid(e49f91931294e69448cea719aaa19235) Importer(815301076,1909f56bfc062723c751e8b465ee728b)
Start importing Assets/Art/Meshes/Props/Furniture/Prefabs/BarStool_01.prefab using Guid(e49f91931294e69448cea719aaa19235) Importer(815301076,1909f56bfc062723c751e8b465ee728b)  -> (artifact id: '8418b7965aa8035fa648ce10401140d1') in 0.107722 seconds
  Import took 0.123267 seconds .

========================================================================
Received Import Request.
  Time since last request: 0.000510 seconds.
  path: Assets/Art/Meshes/Structure/Prefab/FS_Aisle_01.prefab
  artifactKey: Guid(34ae16c55c6bb5c499850a48a9da2858) Importer(815301076,1909f56bfc062723c751e8b465ee728b)
Start importing Assets/Art/Meshes/Structure/Prefab/FS_Aisle_01.prefab using Guid(34ae16c55c6bb5c499850a48a9da2858) Importer(815301076,1909f56bfc062723c751e8b465ee728b)  -> (artifact id: 'e0d0135ef9ab12dab8c70c8bf69a03bd') in 0.109973 seconds
  Import took 0.123169 seconds .

========================================================================
Received Import Request.
  Time since last request: 0.000380 seconds.
  path: Assets/Art/Meshes/Props/Lights/Prefab/CeilingLamp_01.prefab
  artifactKey: Guid(76336da601705b24888cb14d8af76073) Importer(815301076,1909f56bfc062723c751e8b465ee728b)
Start importing Assets/Art/Meshes/Props/Lights/Prefab/CeilingLamp_01.prefab using Guid(76336da601705b24888cb14d8af76073) Importer(815301076,1909f56bfc062723c751e8b465ee728b)  -> (artifact id: 'c79a91f60c50170201b595174a6da563') in 2.555191 seconds
  Import took 2.570614 seconds .

========================================================================
Received Import Request.
  Time since last request: 0.000877 seconds.
  path: Assets/Art/Meshes/Props/Nature/Prefab/Bamboo_C.prefab
  artifactKey: Guid(7cbe92e839b7b6242ae4d3601855397f) Importer(815301076,1909f56bfc062723c751e8b465ee728b)
Start importing Assets/Art/Meshes/Props/Nature/Prefab/Bamboo_C.prefab using Guid(7cbe92e839b7b6242ae4d3601855397f) Importer(815301076,1909f56bfc062723c751e8b465ee728b)  -> (artifact id: '23029f856a29d344b4c7d9a95a00a2bb') in 0.118247 seconds
  Import took 0.136749 seconds .

========================================================================
Received Import Request.
  Time since last request: 0.000455 seconds.
  path: Packages/com.unity.render-pipelines.core/Runtime/Debugging/Prefabs/Widgets/DebugUI Button.prefab
  artifactKey: Guid(f6ce33b91f6ffe54cadacbf4bb112440) Importer(815301076,1909f56bfc062723c751e8b465ee728b)
Start importing Packages/com.unity.render-pipelines.core/Runtime/Debugging/Prefabs/Widgets/DebugUI Button.prefab using Guid(f6ce33b91f6ffe54cadacbf4bb112440) Importer(815301076,1909f56bfc062723c751e8b465ee728b)  -> (artifact id: '86970f816dc718a7054f85d3c73914a6') in 0.028571 seconds
  Import took 0.039385 seconds .

========================================================================
Received Import Request.
  Time since last request: 0.000378 seconds.
  path: Assets/Art/Meshes/Props/Lights/Prefab/Light_Point_Hotspot_Normal.prefab
  artifactKey: Guid(03aad6501deca1e4bafc449a2d7073e5) Importer(815301076,1909f56bfc062723c751e8b465ee728b)
Start importing Assets/Art/Meshes/Props/Lights/Prefab/Light_Point_Hotspot_Normal.prefab using Guid(03aad6501deca1e4bafc449a2d7073e5) Importer(815301076,1909f56bfc062723c751e8b465ee728b)  -> (artifact id: '2757313815307d799829006cdc488dd9') in 0.023075 seconds
  Import took 0.037409 seconds .

========================================================================
Received Import Request.
  Time since last request: 0.000429 seconds.
  path: Packages/com.unity.render-pipelines.core/Runtime/Debugging/Prefabs/Widgets/DebugUI EnumField.prefab
  artifactKey: Guid(988db55689193434fb0b3b89538f978f) Importer(815301076,1909f56bfc062723c751e8b465ee728b)
Start importing Packages/com.unity.render-pipelines.core/Runtime/Debugging/Prefabs/Widgets/DebugUI EnumField.prefab using Guid(988db55689193434fb0b3b89538f978f) Importer(815301076,1909f56bfc062723c751e8b465ee728b)  -> (artifact id: '34cc18cc9cc697a06d074b893baa9b70') in 0.021561 seconds
  Import took 0.034049 seconds .

========================================================================
Received Import Request.
  Time since last request: 0.000362 seconds.
  path: Assets/Art/Meshes/Structure/Prefab/TR_SectionB_01.prefab
  artifactKey: Guid(dd7bc729052fb0349850831c3c596d60) Importer(815301076,1909f56bfc062723c751e8b465ee728b)
Start importing Assets/Art/Meshes/Structure/Prefab/TR_SectionB_01.prefab using Guid(dd7bc729052fb0349850831c3c596d60) Importer(815301076,1909f56bfc062723c751e8b465ee728b)  -> (artifact id: '6927dfcb2c623f668f51fd8b24d68b4c') in 0.144887 seconds
  Import took 0.157690 seconds .

========================================================================
Received Import Request.
  Time since last request: 0.000504 seconds.
  path: Assets/Art/Meshes/Structure/Prefab/Railing_01.prefab
  artifactKey: Guid(045bfee370fc8c84ca955348ca9f3fd9) Importer(815301076,1909f56bfc062723c751e8b465ee728b)
Start importing Assets/Art/Meshes/Structure/Prefab/Railing_01.prefab using Guid(045bfee370fc8c84ca955348ca9f3fd9) Importer(815301076,1909f56bfc062723c751e8b465ee728b)  -> (artifact id: '1db7a0109bd644dfa5de805ed93764c3') in 0.115003 seconds
  Import took 0.125085 seconds .

========================================================================
Received Import Request.
  Time since last request: 0.000530 seconds.
  path: Assets/Art/Meshes/Props/Lights/Prefab/Light_Spot_800lm.prefab
  artifactKey: Guid(ac937fd9ae94a3a40b3a7185b6b1f0e2) Importer(815301076,1909f56bfc062723c751e8b465ee728b)
Start importing Assets/Art/Meshes/Props/Lights/Prefab/Light_Spot_800lm.prefab using Guid(ac937fd9ae94a3a40b3a7185b6b1f0e2) Importer(815301076,1909f56bfc062723c751e8b465ee728b)  -> (artifact id: '3ac9dfec256057b003406a6955380c7d') in 0.020922 seconds
  Import took 0.029351 seconds .

========================================================================
Received Import Request.
  Time since last request: 0.000342 seconds.
  path: Packages/com.unity.render-pipelines.core/Runtime/Debugging/Prefabs/Widgets/DebugUI BitField.prefab
  artifactKey: Guid(7c78b588b2e1f7c4a86ca4a985cf6e4a) Importer(815301076,1909f56bfc062723c751e8b465ee728b)
Start importing Packages/com.unity.render-pipelines.core/Runtime/Debugging/Prefabs/Widgets/DebugUI BitField.prefab using Guid(7c78b588b2e1f7c4a86ca4a985cf6e4a) Importer(815301076,1909f56bfc062723c751e8b465ee728b)  -> (artifact id: '8574c84169180466965ee2f55a9c8134') in 0.034224 seconds
  Import took 0.044158 seconds .

========================================================================
Received Import Request.
  Time since last request: 0.000382 seconds.
  path: Packages/com.unity.render-pipelines.core/Runtime/Debugging/Prefabs/Widgets/DebugUI Vector2.prefab
  artifactKey: Guid(326f7c58aed965d41bf7805a782d1e44) Importer(815301076,1909f56bfc062723c751e8b465ee728b)
Start importing Packages/com.unity.render-pipelines.core/Runtime/Debugging/Prefabs/Widgets/DebugUI Vector2.prefab using Guid(326f7c58aed965d41bf7805a782d1e44) Importer(815301076,1909f56bfc062723c751e8b465ee728b)  -> (artifact id: '5ed28309d601342fcf0d0642210fd6c8') in 0.021143 seconds
  Import took 0.031182 seconds .

========================================================================
Received Import Request.
  Time since last request: 0.000429 seconds.
  path: Assets/Art/Meshes/Props/Nature/Prefab/Rock_A_01.prefab
  artifactKey: Guid(ab028f367569bde478ff4aad3a45d473) Importer(815301076,1909f56bfc062723c751e8b465ee728b)
Start importing Assets/Art/Meshes/Props/Nature/Prefab/Rock_A_01.prefab using Guid(ab028f367569bde478ff4aad3a45d473) Importer(815301076,1909f56bfc062723c751e8b465ee728b)  -> (artifact id: '9571c99bb9c2fcce6ca0460ff9fa6200') in 0.079163 seconds
  Import took 0.090383 seconds .

========================================================================
Received Import Request.
  Time since last request: 0.000350 seconds.
  path: Assets/Art/Meshes/Structure/Prefab/TR_Pillar_01.prefab
  artifactKey: Guid(92e859c764174cf4385acf2f713357cc) Importer(815301076,1909f56bfc062723c751e8b465ee728b)
Start importing Assets/Art/Meshes/Structure/Prefab/TR_Pillar_01.prefab using Guid(92e859c764174cf4385acf2f713357cc) Importer(815301076,1909f56bfc062723c751e8b465ee728b)  -> (artifact id: 'f4737ec083e11c176e6d8f3653b42704') in 0.075613 seconds
  Import took 0.083593 seconds .

========================================================================
Received Import Request.
  Time since last request: 0.000346 seconds.
  path: Assets/Art/Meshes/Props/Lights/Prefab/Spotlight_Spot_01b.prefab
  artifactKey: Guid(d85c1a56f3251f04c9273a1a9de993b1) Importer(815301076,1909f56bfc062723c751e8b465ee728b)
Start importing Assets/Art/Meshes/Props/Lights/Prefab/Spotlight_Spot_01b.prefab using Guid(d85c1a56f3251f04c9273a1a9de993b1) Importer(815301076,1909f56bfc062723c751e8b465ee728b)  -> (artifact id: '4a1e828c8a14fecd6e850c6c63f09a74') in 0.086612 seconds
  Import took 0.097134 seconds .

========================================================================
Received Import Request.
  Time since last request: 0.000608 seconds.
  path: Assets/Art/Meshes/Structure/Prefab/SR_Pillar_01.prefab
  artifactKey: Guid(8194a612473962d47a362dd51f8ab4cd) Importer(815301076,1909f56bfc062723c751e8b465ee728b)
Start importing Assets/Art/Meshes/Structure/Prefab/SR_Pillar_01.prefab using Guid(8194a612473962d47a362dd51f8ab4cd) Importer(815301076,1909f56bfc062723c751e8b465ee728b)  -> (artifact id: '509ffa54e345a4803dc658fe49533451') in 0.125320 seconds
  Import took 0.142226 seconds .

========================================================================
Received Import Request.
  Time since last request: 0.000410 seconds.
  path: Packages/com.unity.render-pipelines.core/Runtime/Debugging/Prefabs/Widgets/DebugUI Toggle.prefab
  artifactKey: Guid(ce347ad101f41ee4ab5c3fbc0ea447db) Importer(815301076,1909f56bfc062723c751e8b465ee728b)
Start importing Packages/com.unity.render-pipelines.core/Runtime/Debugging/Prefabs/Widgets/DebugUI Toggle.prefab using Guid(ce347ad101f41ee4ab5c3fbc0ea447db) Importer(815301076,1909f56bfc062723c751e8b465ee728b)  -> (artifact id: 'a29e98517f6cd1a2aef8fc66ca2cb194') in 0.031017 seconds
  Import took 0.048792 seconds .

========================================================================
Received Import Request.
  Time since last request: 0.000507 seconds.
  path: Assets/Art/Meshes/Props/Lights/Prefab/Spotlight_01b_large.prefab
  artifactKey: Guid(7acad438f204fae4899e35da52c815c5) Importer(815301076,1909f56bfc062723c751e8b465ee728b)
Start importing Assets/Art/Meshes/Props/Lights/Prefab/Spotlight_01b_large.prefab using Guid(7acad438f204fae4899e35da52c815c5) Importer(815301076,1909f56bfc062723c751e8b465ee728b)  -> (artifact id: 'd8412e8a6bcae4e209218d0501b87d14') in 0.131105 seconds
  Import took 0.147922 seconds .

========================================================================
Received Import Request.
  Time since last request: 0.000609 seconds.
  path: Assets/Art/Meshes/Props/Lights/Prefab/Light_Point_Bulb.prefab
  artifactKey: Guid(b868dedbc9c0a3f469e82cc2ad6f200a) Importer(815301076,1909f56bfc062723c751e8b465ee728b)
Start importing Assets/Art/Meshes/Props/Lights/Prefab/Light_Point_Bulb.prefab using Guid(b868dedbc9c0a3f469e82cc2ad6f200a) Importer(815301076,1909f56bfc062723c751e8b465ee728b)  -> (artifact id: '615db0508a9df622beaaa3954984b5f1') in 0.017039 seconds
  Import took 0.029783 seconds .

========================================================================
Received Import Request.
  Time since last request: 0.000619 seconds.
  path: Assets/Art/Meshes/Props/Lights/Prefab/Spotlight_Spot_01a_lamp.prefab
  artifactKey: Guid(68bb41b3b9df36340a5082fd5ccc1a09) Importer(815301076,1909f56bfc062723c751e8b465ee728b)
Start importing Assets/Art/Meshes/Props/Lights/Prefab/Spotlight_Spot_01a_lamp.prefab using Guid(68bb41b3b9df36340a5082fd5ccc1a09) Importer(815301076,1909f56bfc062723c751e8b465ee728b)  -> (artifact id: 'ce17024e9fa760a3cbecc252adb56c14') in 0.115596 seconds
  Import took 0.128065 seconds .

========================================================================
Received Import Request.
  Time since last request: 0.000447 seconds.
  path: Assets/Art/Meshes/Props/Lights/Prefab/Spotlight_Spot_01a.prefab
  artifactKey: Guid(fc5b1801ca112ed43afb714faac7f67b) Importer(815301076,1909f56bfc062723c751e8b465ee728b)
Start importing Assets/Art/Meshes/Props/Lights/Prefab/Spotlight_Spot_01a.prefab using Guid(fc5b1801ca112ed43afb714faac7f67b) Importer(815301076,1909f56bfc062723c751e8b465ee728b)  -> (artifact id: 'ff7f11917f96335de5926940f31d205b') in 0.105651 seconds
  Import took 0.118493 seconds .

========================================================================
Received Import Request.
  Time since last request: 0.000553 seconds.
  path: Assets/Art/Meshes/Structure/Prefab/SR_SectionFloor_01.prefab
  artifactKey: Guid(891647357ef0cc044acf9aa1be7b2d40) Importer(815301076,1909f56bfc062723c751e8b465ee728b)
Start importing Assets/Art/Meshes/Structure/Prefab/SR_SectionFloor_01.prefab using Guid(891647357ef0cc044acf9aa1be7b2d40) Importer(815301076,1909f56bfc062723c751e8b465ee728b)  -> (artifact id: 'b69ee0f57cfddff5772f2e385b04b52f') in 0.138312 seconds
  Import took 0.149042 seconds .

========================================================================
Received Import Request.
  Time since last request: 0.000423 seconds.
  path: Assets/Art/Meshes/Structure/Prefab/TR_CurveWall_01.prefab
  artifactKey: Guid(cd71e9a7b3e576847bee371f47119db8) Importer(815301076,1909f56bfc062723c751e8b465ee728b)
Start importing Assets/Art/Meshes/Structure/Prefab/TR_CurveWall_01.prefab using Guid(cd71e9a7b3e576847bee371f47119db8) Importer(815301076,1909f56bfc062723c751e8b465ee728b)  -> (artifact id: '434e53b572781d24a1dae350392d9fd8') in 0.117902 seconds
  Import took 0.128303 seconds .

========================================================================
Received Import Request.
  Time since last request: 0.000529 seconds.
  path: Assets/Art/Meshes/Props/Ball/Prefab/BallWithBase_01.prefab
  artifactKey: Guid(4f699647e46f5b941b976d9a1beba4cc) Importer(815301076,1909f56bfc062723c751e8b465ee728b)
Start importing Assets/Art/Meshes/Props/Ball/Prefab/BallWithBase_01.prefab using Guid(4f699647e46f5b941b976d9a1beba4cc) Importer(815301076,1909f56bfc062723c751e8b465ee728b)  -> (artifact id: '24dcb6a88c40a7c0fc7d02b083c51217') in 0.121685 seconds
  Import took 0.134377 seconds .

========================================================================
Received Import Request.
  Time since last request: 0.000409 seconds.
  path: Assets/Art/Meshes/Structure/Prefab/TR_Counter_01.prefab
  artifactKey: Guid(5f7cc295896e7b24cb6789747b49090a) Importer(815301076,1909f56bfc062723c751e8b465ee728b)
Start importing Assets/Art/Meshes/Structure/Prefab/TR_Counter_01.prefab using Guid(5f7cc295896e7b24cb6789747b49090a) Importer(815301076,1909f56bfc062723c751e8b465ee728b)  -> (artifact id: 'adf7f974a24167f431387e06c991094b') in 0.113660 seconds
  Import took 0.125480 seconds .

========================================================================
Received Import Request.
  Time since last request: 0.000492 seconds.
  path: Assets/Art/Meshes/Props/Furniture/Prefabs/LoungeChair_01.prefab
  artifactKey: Guid(2658dc79455b4694e9b38cd7b9453ff0) Importer(815301076,1909f56bfc062723c751e8b465ee728b)
Start importing Assets/Art/Meshes/Props/Furniture/Prefabs/LoungeChair_01.prefab using Guid(2658dc79455b4694e9b38cd7b9453ff0) Importer(815301076,1909f56bfc062723c751e8b465ee728b)  -> (artifact id: '71c79b61d54a5ebbded80dd8f180c1e8') in 0.107583 seconds
  Import took 0.118748 seconds .

========================================================================
Received Import Request.
  Time since last request: 0.000462 seconds.
  path: Packages/com.unity.render-pipelines.core/Runtime/Debugging/Prefabs/Widgets/DebugUI Vector3.prefab
  artifactKey: Guid(94afea5f242d72547979595ba963f335) Importer(815301076,1909f56bfc062723c751e8b465ee728b)
Start importing Packages/com.unity.render-pipelines.core/Runtime/Debugging/Prefabs/Widgets/DebugUI Vector3.prefab using Guid(94afea5f242d72547979595ba963f335) Importer(815301076,1909f56bfc062723c751e8b465ee728b)  -> (artifact id: '065321a2f5d4091efecc84a1258aae29') in 0.022465 seconds
  Import took 0.031275 seconds .

========================================================================
Received Import Request.
  Time since last request: 0.000364 seconds.
  path: Assets/Art/Meshes/Props/Nature/Prefab/Bamboo_D.prefab
  artifactKey: Guid(617b9f0a15eda6b45877b951f35240ab) Importer(815301076,1909f56bfc062723c751e8b465ee728b)
Start importing Assets/Art/Meshes/Props/Nature/Prefab/Bamboo_D.prefab using Guid(617b9f0a15eda6b45877b951f35240ab) Importer(815301076,1909f56bfc062723c751e8b465ee728b)  -> (artifact id: '20b37bf7a80975565690c9fe00c94952') in 0.099189 seconds
  Import took 0.108854 seconds .

========================================================================
Received Import Request.
  Time since last request: 0.000452 seconds.
  path: Assets/Art/Meshes/Props/Lights/Prefab/CeilingLamp_Lamp_01.prefab
  artifactKey: Guid(cf82a8e1669110c419edd18ee94bbbce) Importer(815301076,1909f56bfc062723c751e8b465ee728b)
Start importing Assets/Art/Meshes/Props/Lights/Prefab/CeilingLamp_Lamp_01.prefab using Guid(cf82a8e1669110c419edd18ee94bbbce) Importer(815301076,1909f56bfc062723c751e8b465ee728b)  -> (artifact id: 'f81fbeac405cf93ae8df09f41cc04f46') in 0.118572 seconds
  Import took 0.129970 seconds .

========================================================================
Received Import Request.
  Time since last request: 0.000475 seconds.
  path: Packages/com.unity.render-pipelines.core/Runtime/Debugging/Prefabs/Widgets/DebugUI HBox.prefab
  artifactKey: Guid(f7f5e36797cf0c1408561665c67b179b) Importer(815301076,1909f56bfc062723c751e8b465ee728b)
Start importing Packages/com.unity.render-pipelines.core/Runtime/Debugging/Prefabs/Widgets/DebugUI HBox.prefab using Guid(f7f5e36797cf0c1408561665c67b179b) Importer(815301076,1909f56bfc062723c751e8b465ee728b)  -> (artifact id: '14ced8b9719bcbcda6cbdd27c878d6af') in 0.016796 seconds
  Import took 0.027314 seconds .

========================================================================
Received Import Request.
  Time since last request: 0.000404 seconds.
  path: Assets/Art/Meshes/Props/Nature/Prefab/Plant_C_03.prefab
  artifactKey: Guid(93a63a1e35ade9047910baabce0ee30e) Importer(815301076,1909f56bfc062723c751e8b465ee728b)
Start importing Assets/Art/Meshes/Props/Nature/Prefab/Plant_C_03.prefab using Guid(93a63a1e35ade9047910baabce0ee30e) Importer(815301076,1909f56bfc062723c751e8b465ee728b)  -> (artifact id: 'cbce0c53c11505c58c7aff2e1ed3cdea') in 1.019605 seconds
  Import took 1.032960 seconds .

========================================================================
Received Import Request.
  Time since last request: 0.000617 seconds.
  path: Assets/Art/Meshes/Props/Nature/Prefab/Bush_01.prefab
  artifactKey: Guid(55fb4d7d07bc4ed48b7461359c111300) Importer(815301076,1909f56bfc062723c751e8b465ee728b)
Start importing Assets/Art/Meshes/Props/Nature/Prefab/Bush_01.prefab using Guid(55fb4d7d07bc4ed48b7461359c111300) Importer(815301076,1909f56bfc062723c751e8b465ee728b)  -> (artifact id: 'f77755363b01feeaa85b529f36ec1551') in 0.123280 seconds
  Import took 0.138788 seconds .

========================================================================
Received Import Request.
  Time since last request: 0.000684 seconds.
  path: Assets/Art/Meshes/Structure/Prefab/FR_Platform_01.prefab
  artifactKey: Guid(b31afbf48d7a11249b84d842fad98e9c) Importer(815301076,1909f56bfc062723c751e8b465ee728b)
Start importing Assets/Art/Meshes/Structure/Prefab/FR_Platform_01.prefab using Guid(b31afbf48d7a11249b84d842fad98e9c) Importer(815301076,1909f56bfc062723c751e8b465ee728b)  -> (artifact id: 'd632a0dca254aa3b6ef3caa84796d4a1') in 0.094822 seconds
  Import took 0.106848 seconds .

========================================================================
Received Import Request.
  Time since last request: 0.000321 seconds.
  path: Assets/Art/Meshes/Props/Nature/Prefab/Plant_C_02.prefab
  artifactKey: Guid(b61068bfd57a38144b5d633ffeb85b9f) Importer(815301076,1909f56bfc062723c751e8b465ee728b)
Start importing Assets/Art/Meshes/Props/Nature/Prefab/Plant_C_02.prefab using Guid(b61068bfd57a38144b5d633ffeb85b9f) Importer(815301076,1909f56bfc062723c751e8b465ee728b)  -> (artifact id: '78ab1f33addc1ca4486413671f0d9df8') in 0.114602 seconds
  Import took 0.127653 seconds .

========================================================================
Received Import Request.
  Time since last request: 0.000456 seconds.
  path: Packages/com.unity.render-pipelines.core/Runtime/Debugging/Prefabs/Widgets/DebugUI Color.prefab
  artifactKey: Guid(77c185820dd1a464eac89cae3abccddf) Importer(815301076,1909f56bfc062723c751e8b465ee728b)
Start importing Packages/com.unity.render-pipelines.core/Runtime/Debugging/Prefabs/Widgets/DebugUI Color.prefab using Guid(77c185820dd1a464eac89cae3abccddf) Importer(815301076,1909f56bfc062723c751e8b465ee728b)  -> (artifact id: '048a21197117be68f36c94c48d231479') in 0.031909 seconds
  Import took 0.048255 seconds .

========================================================================
Received Import Request.
  Time since last request: 0.000360 seconds.
  path: Assets/Art/Meshes/Props/Lights/Prefab/Light_Spot_3200lm.prefab
  artifactKey: Guid(8caca8a5b8fc29241857185d3e2fbaa6) Importer(815301076,1909f56bfc062723c751e8b465ee728b)
Start importing Assets/Art/Meshes/Props/Lights/Prefab/Light_Spot_3200lm.prefab using Guid(8caca8a5b8fc29241857185d3e2fbaa6) Importer(815301076,1909f56bfc062723c751e8b465ee728b)  -> (artifact id: '07efa1f65f96cc3dc29220aa63f27e85') in 0.037025 seconds
  Import took 0.056339 seconds .

========================================================================
Received Import Request.
  Time since last request: 0.000706 seconds.
  path: Packages/com.unity.render-pipelines.core/Runtime/Debugging/Prefabs/Widgets/DebugUI Value.prefab
  artifactKey: Guid(dc0f88987826e6e48b1fe9c7c2b53a53) Importer(815301076,1909f56bfc062723c751e8b465ee728b)
Start importing Packages/com.unity.render-pipelines.core/Runtime/Debugging/Prefabs/Widgets/DebugUI Value.prefab using Guid(dc0f88987826e6e48b1fe9c7c2b53a53) Importer(815301076,1909f56bfc062723c751e8b465ee728b)  -> (artifact id: '783fb9302a9f3206a248dbde623608bc') in 0.030461 seconds
  Import took 0.050040 seconds .

========================================================================
Received Import Request.
  Time since last request: 0.000730 seconds.
  path: Packages/com.unity.render-pipelines.core/Runtime/Debugging/Prefabs/Widgets/DebugUI Vector4.prefab
  artifactKey: Guid(d47f009476100f545971a81ede14c750) Importer(815301076,1909f56bfc062723c751e8b465ee728b)
Start importing Packages/com.unity.render-pipelines.core/Runtime/Debugging/Prefabs/Widgets/DebugUI Vector4.prefab using Guid(d47f009476100f545971a81ede14c750) Importer(815301076,1909f56bfc062723c751e8b465ee728b)  -> (artifact id: '2d7c5d7aa5f29ca7942e9fa0fdeb3aa0') in 0.037617 seconds
  Import took 0.057215 seconds .

========================================================================
Received Import Request.
  Time since last request: 0.000457 seconds.
  path: Packages/com.unity.render-pipelines.core/Runtime/Debugging/Prefabs/Widgets/DebugUI IntField.prefab
  artifactKey: Guid(ae00bb75e0cd5b04b8fe7fb4ab662629) Importer(815301076,1909f56bfc062723c751e8b465ee728b)
Start importing Packages/com.unity.render-pipelines.core/Runtime/Debugging/Prefabs/Widgets/DebugUI IntField.prefab using Guid(ae00bb75e0cd5b04b8fe7fb4ab662629) Importer(815301076,1909f56bfc062723c751e8b465ee728b)  -> (artifact id: '85042f6a9a8a5992c0651fd6cfeba8f6') in 0.031215 seconds
  Import took 0.047621 seconds .

========================================================================
Received Import Request.
  Time since last request: 0.000768 seconds.
  path: Assets/Art/Meshes/Props/Nature/Prefab/Bamboo_B.prefab
  artifactKey: Guid(fb805a505a23fba478f8ba7a8ec1827d) Importer(815301076,1909f56bfc062723c751e8b465ee728b)
Start importing Assets/Art/Meshes/Props/Nature/Prefab/Bamboo_B.prefab using Guid(fb805a505a23fba478f8ba7a8ec1827d) Importer(815301076,1909f56bfc062723c751e8b465ee728b)  -> (artifact id: '56499a5a46106235b9d9e85be8b8ebff') in 0.128713 seconds
  Import took 0.145108 seconds .

========================================================================
Received Import Request.
  Time since last request: 0.000639 seconds.
  path: Assets/Art/Meshes/Structure/Prefab/SR_CurveWall_01.prefab
  artifactKey: Guid(a976770ba53861045836caedbe64ac34) Importer(815301076,1909f56bfc062723c751e8b465ee728b)
Start importing Assets/Art/Meshes/Structure/Prefab/SR_CurveWall_01.prefab using Guid(a976770ba53861045836caedbe64ac34) Importer(815301076,1909f56bfc062723c751e8b465ee728b)  -> (artifact id: '54d20b6ed0cc52970f3638b524355392') in 0.133177 seconds
  Import took 0.148730 seconds .

========================================================================
Received Import Request.
  Time since last request: 0.000405 seconds.
  path: Assets/Art/Meshes/Props/Nature/Prefab/NatureSetPiece_02.prefab
  artifactKey: Guid(71d265fb20018fb4db3a69616ed7db37) Importer(815301076,1909f56bfc062723c751e8b465ee728b)
Start importing Assets/Art/Meshes/Props/Nature/Prefab/NatureSetPiece_02.prefab using Guid(71d265fb20018fb4db3a69616ed7db37) Importer(815301076,1909f56bfc062723c751e8b465ee728b)  -> (artifact id: 'afaeece04fa79e0de624e95adb111266') in 0.288718 seconds
  Import took 0.312525 seconds .

========================================================================
Received Import Request.
  Time since last request: 0.000651 seconds.
  path: Assets/Art/Meshes/Props/Lights/Prefab/Spotlight_01b.prefab
  artifactKey: Guid(ac309c43e63ab9c489ca158a0025b6e9) Importer(815301076,1909f56bfc062723c751e8b465ee728b)
Start importing Assets/Art/Meshes/Props/Lights/Prefab/Spotlight_01b.prefab using Guid(ac309c43e63ab9c489ca158a0025b6e9) Importer(815301076,1909f56bfc062723c751e8b465ee728b)  -> (artifact id: '608ff532e82b5ef491c4f229bd4ec6e4') in 0.143668 seconds
  Import took 0.162936 seconds .

========================================================================
Received Import Request.
  Time since last request: 0.000607 seconds.
  path: Packages/com.unity.render-pipelines.core/Runtime/Debugging/Prefabs/Widgets/DebugUI FloatField.prefab
  artifactKey: Guid(7d4fd3415ea7dd64bbcfe13fb48a730b) Importer(815301076,1909f56bfc062723c751e8b465ee728b)
Start importing Packages/com.unity.render-pipelines.core/Runtime/Debugging/Prefabs/Widgets/DebugUI FloatField.prefab using Guid(7d4fd3415ea7dd64bbcfe13fb48a730b) Importer(815301076,1909f56bfc062723c751e8b465ee728b)  -> (artifact id: 'a017ce95539dcbcabe21ce2c77890b73') in 0.024994 seconds
  Import took 0.038687 seconds .

========================================================================
Received Import Request.
  Time since last request: 0.000441 seconds.
  path: Assets/Art/Meshes/Structure/Prefab/SR_SectionWall_01.prefab
  artifactKey: Guid(8e1c9195acf59394aaf785cdb5fe8c84) Importer(815301076,1909f56bfc062723c751e8b465ee728b)
Start importing Assets/Art/Meshes/Structure/Prefab/SR_SectionWall_01.prefab using Guid(8e1c9195acf59394aaf785cdb5fe8c84) Importer(815301076,1909f56bfc062723c751e8b465ee728b)  -> (artifact id: 'd940d2e587cb954f7d78c449b5ac959f') in 0.133288 seconds
  Import took 0.146944 seconds .

========================================================================
Received Import Request.
  Time since last request: 0.000373 seconds.
  path: Assets/Art/Meshes/Structure/Prefab/SR_Wall_01.prefab
  artifactKey: Guid(52d08675f56360346935de397874b4e2) Importer(815301076,1909f56bfc062723c751e8b465ee728b)
Start importing Assets/Art/Meshes/Structure/Prefab/SR_Wall_01.prefab using Guid(52d08675f56360346935de397874b4e2) Importer(815301076,1909f56bfc062723c751e8b465ee728b)  -> (artifact id: '21bd07c656b755603662d18a774a0518') in 0.111276 seconds
  Import took 0.125067 seconds .

========================================================================
Received Import Request.
  Time since last request: 0.000454 seconds.
  path: Assets/Art/Meshes/Structure/Prefab/SR_SectionCeiling_01.prefab
  artifactKey: Guid(573008edd81fd004a85a9b75a149b49f) Importer(815301076,1909f56bfc062723c751e8b465ee728b)
Start importing Assets/Art/Meshes/Structure/Prefab/SR_SectionCeiling_01.prefab using Guid(573008edd81fd004a85a9b75a149b49f) Importer(815301076,1909f56bfc062723c751e8b465ee728b)  -> (artifact id: '81d19dcd21c18ff0a139de90f6df19a4') in 0.115855 seconds
  Import took 0.127214 seconds .

========================================================================
Received Import Request.
  Time since last request: 0.000383 seconds.
  path: Assets/Art/Meshes/Props/Lights/Prefab/Light_Point_Hotspot_Small.prefab
  artifactKey: Guid(428831fe459a18c49843bfc3af65bbc9) Importer(815301076,1909f56bfc062723c751e8b465ee728b)
Start importing Assets/Art/Meshes/Props/Lights/Prefab/Light_Point_Hotspot_Small.prefab using Guid(428831fe459a18c49843bfc3af65bbc9) Importer(815301076,1909f56bfc062723c751e8b465ee728b)  -> (artifact id: 'd8957f0bbde7355c9b2f38b8f30de6f9') in 0.013867 seconds
  Import took 0.023690 seconds .

========================================================================
Received Import Request.
  Time since last request: 0.000305 seconds.
  path: Packages/com.unity.render-pipelines.core/Runtime/Debugging/Prefabs/Widgets/DebugUI VBox.prefab
  artifactKey: Guid(ca3e294656861a64b8aeeb9f916da0a9) Importer(815301076,1909f56bfc062723c751e8b465ee728b)
Start importing Packages/com.unity.render-pipelines.core/Runtime/Debugging/Prefabs/Widgets/DebugUI VBox.prefab using Guid(ca3e294656861a64b8aeeb9f916da0a9) Importer(815301076,1909f56bfc062723c751e8b465ee728b)  -> (artifact id: '1e9a999f3b41b3bcd6b443a3f370d547') in 0.017633 seconds
  Import took 0.025141 seconds .

========================================================================
Received Import Request.
  Time since last request: 0.000385 seconds.
  path: Assets/Art/Meshes/Props/Furniture/Prefabs/PotFern_01.prefab
  artifactKey: Guid(657f1dce72cdc7c49b027d8b47c4d7df) Importer(815301076,1909f56bfc062723c751e8b465ee728b)
Start importing Assets/Art/Meshes/Props/Furniture/Prefabs/PotFern_01.prefab using Guid(657f1dce72cdc7c49b027d8b47c4d7df) Importer(815301076,1909f56bfc062723c751e8b465ee728b)  -> (artifact id: '14f83be8868d465b6f64604a5affea13') in 0.084983 seconds
  Import took 0.095813 seconds .

========================================================================
Received Import Request.
  Time since last request: 0.000345 seconds.
  path: Assets/Art/Meshes/Structure/Prefab/ST_Aisle_01.prefab
  artifactKey: Guid(c176f53f0f3a90a448b849e5d0e0af46) Importer(815301076,1909f56bfc062723c751e8b465ee728b)
Start importing Assets/Art/Meshes/Structure/Prefab/ST_Aisle_01.prefab using Guid(c176f53f0f3a90a448b849e5d0e0af46) Importer(815301076,1909f56bfc062723c751e8b465ee728b)  -> (artifact id: 'b2571ef18a57cd086de8beb284bb2802') in 0.089402 seconds
  Import took 0.101254 seconds .

========================================================================
Received Import Request.
  Time since last request: 0.000419 seconds.
  path: Assets/Art/Meshes/Props/Lights/Prefab/Spotlight_01a.prefab
  artifactKey: Guid(d3c98eda0dc408d43a20cce4541da78f) Importer(815301076,1909f56bfc062723c751e8b465ee728b)
Start importing Assets/Art/Meshes/Props/Lights/Prefab/Spotlight_01a.prefab using Guid(d3c98eda0dc408d43a20cce4541da78f) Importer(815301076,1909f56bfc062723c751e8b465ee728b)  -> (artifact id: '5c56a169dc8080c9d1d00253840727f8') in 0.114310 seconds
  Import took 0.126651 seconds .

========================================================================
Received Import Request.
  Time since last request: 0.000512 seconds.
  path: Packages/com.unity.render-pipelines.core/Runtime/Debugging/Prefabs/Resources/DebugUI Canvas.prefab
  artifactKey: Guid(cf6cbdd672089a84796e55a21fed1cbe) Importer(815301076,1909f56bfc062723c751e8b465ee728b)
Start importing Packages/com.unity.render-pipelines.core/Runtime/Debugging/Prefabs/Resources/DebugUI Canvas.prefab using Guid(cf6cbdd672089a84796e55a21fed1cbe) Importer(815301076,1909f56bfc062723c751e8b465ee728b)  -> (artifact id: 'b3c51e4377db2871f575fb35bb2e64f7') in 0.057902 seconds
  Import took 0.069854 seconds .

========================================================================
Received Prepare
Registering precompiled user dll's ...
Registered in 0.004248 seconds.
Begin MonoManager ReloadAssembly
Native extension for WindowsStandalone target not found
Refreshing native plugins compatible for Editor in 1.20 ms, found 0 plugins.
Preloading 0 native plugins for Editor in 0.00 ms.
Invoked RoslynAnalysisRunner static constructor.
RoslynAnalysisRunner will not be running.
RoslynAnalysisRunner has terminated.
Mono: successfully reloaded assembly
- Completed reload, in  2.809 seconds
Platform modules already initialized, skipping
Refreshing native plugins compatible for Editor in 1.60 ms, found 0 plugins.
Preloading 0 native plugins for Editor in 0.00 ms.
Unloading 3225 Unused Serialized files (Serialized files now loaded: 0)
System memory in use before: 172.2 MB.
System memory in use after: 170.0 MB.

Unloading 33 unused Assets to reduce memory usage. Loaded Objects now: 4035.
Total: 15.977100 ms (FindLiveObjects: 3.573600 ms CreateObjectMapping: 0.772300 ms MarkObjects: 6.464800 ms  DeleteObjects: 5.158900 ms)

