Using pre-set license
Built from '2020.2/release' branch; Version is '2020.2.1f1 (270dd8c3da1c) revision 2559448'; Using compiler version '192528614'; Build Type 'Release'
OS: 'Windows 10  (10.0.0) 64bit' Language: 'zh' Physical Memory: 6060 MB
BatchMode: 1, IsHumanControllingUs: 0, StartBugReporterOnCrash: 0, Is64bit: 1, IsPro: 0

 COMMAND LINE ARGUMENTS:
D:\Unity\2020.1.16f1\Editor\Unity.exe
-adb2
-batchMode
-noUpm
-name
AssetImportWorker7
-projectPath
C:/Users/veled/Desktop/prototype3
-logFile
Logs/AssetImportWorker7.log
-srvPort
50166
Successfully changed project path to: C:/Users/veled/Desktop/prototype3
C:/Users/veled/Desktop/prototype3
Using Asset Import Pipeline V2.
Refreshing native plugins compatible for Editor in 380.49 ms, found 0 plugins.
Preloading 0 native plugins for Editor in 0.00 ms.
Initialize engine version: 2020.2.1f1 (270dd8c3da1c)
[Subsystems] Discovering subsystems at path D:/Unity/2020.1.16f1/Editor/Data/Resources/UnitySubsystems
[Subsystems] Discovering subsystems at path C:/Users/veled/Desktop/prototype3/Assets
GfxDevice: creating device client; threaded=0
Direct3D:
    Version:  Direct3D 11.0 [level 11.1]
    Renderer: AMD Radeon(TM) Vega 8 Graphics (ID=0x15d8)
    Vendor:   
    VRAM:     3030 MB
    Driver:   27.20.11044.7
Initialize mono
Mono path[0] = 'D:/Unity/2020.1.16f1/Editor/Data/Managed'
Mono path[1] = 'D:/Unity/2020.1.16f1/Editor/Data/MonoBleedingEdge/lib/mono/unityjit'
Mono config path = 'D:/Unity/2020.1.16f1/Editor/Data/MonoBleedingEdge/etc'
Using monoOptions --debugger-agent=transport=dt_socket,embedding=1,server=y,suspend=n,address=127.0.0.1:56092
Begin MonoManager ReloadAssembly
Registering precompiled unity dll's ...
Register platform support module: D:/Unity/2020.1.16f1/Editor/Data/PlaybackEngines/WindowsStandaloneSupport/UnityEditor.WindowsStandalone.Extensions.dll
Registered in 0.005827 seconds.
Native extension for WindowsStandalone target not found
Refreshing native plugins compatible for Editor in 263.05 ms, found 0 plugins.
Preloading 0 native plugins for Editor in 0.00 ms.
Invoked RoslynAnalysisRunner static constructor.
RoslynAnalysisRunner will not be running.
RoslynAnalysisRunner has terminated.
Mono: successfully reloaded assembly
- Completed reload, in  4.287 seconds
Platform modules already initialized, skipping
Registering precompiled user dll's ...
Registered in 0.007306 seconds.
Begin MonoManager ReloadAssembly
Native extension for WindowsStandalone target not found
Refreshing native plugins compatible for Editor in 279.87 ms, found 0 plugins.
Preloading 0 native plugins for Editor in 0.00 ms.
Invoked RoslynAnalysisRunner static constructor.
RoslynAnalysisRunner will not be running.
RoslynAnalysisRunner has terminated.
Mono: successfully reloaded assembly
- Completed reload, in  9.102 seconds
Platform modules already initialized, skipping
========================================================================
Worker process is ready to serve import requests
Launched and connected shader compiler UnityShaderCompiler.exe after 0.18 seconds
Refreshing native plugins compatible for Editor in 3.25 ms, found 0 plugins.
Preloading 0 native plugins for Editor in 0.00 ms.
Unloading 3463 Unused Serialized files (Serialized files now loaded: 0)
System memory in use before: 168.7 MB.
System memory in use after: 166.1 MB.

Unloading 44 unused Assets to reduce memory usage. Loaded Objects now: 3888.
Total: 25.693400 ms (FindLiveObjects: 2.675800 ms CreateObjectMapping: 1.220300 ms MarkObjects: 15.867900 ms  DeleteObjects: 5.919000 ms)

========================================================================
Received Import Request.
  path: Assets/Scripts/LookWithMouse.cs
  artifactKey: Guid(4eb578550bc4f824e97f0a72eac1f3a5) Importer(815301076,1909f56bfc062723c751e8b465ee728b)
Start importing Assets/Scripts/LookWithMouse.cs using Guid(4eb578550bc4f824e97f0a72eac1f3a5) Importer(815301076,1909f56bfc062723c751e8b465ee728b)  -> (artifact id: '4e997f9450d760ac98f54e732533f2ae') in 0.395960 seconds
  Import took 0.415294 seconds .

========================================================================
Received Import Request.
  Time since last request: 0.000560 seconds.
  path: Assets/Scripts/PlayerMovement.cs
  artifactKey: Guid(87f6dfceb3e39a947a312f7eeaa2a113) Importer(815301076,1909f56bfc062723c751e8b465ee728b)
Start importing Assets/Scripts/PlayerMovement.cs using Guid(87f6dfceb3e39a947a312f7eeaa2a113) Importer(815301076,1909f56bfc062723c751e8b465ee728b)  -> (artifact id: '14f173b27420a10ed1e718ab0c06acc9') in 0.044663 seconds
  Import took 0.066141 seconds .

========================================================================
Received Import Request.
  Time since last request: 0.000571 seconds.
  path: Assets/Scripts
  artifactKey: Guid(4719b0884aa2ce045bd0bc265ca981a3) Importer(815301076,1909f56bfc062723c751e8b465ee728b)
Start importing Assets/Scripts using Guid(4719b0884aa2ce045bd0bc265ca981a3) Importer(815301076,1909f56bfc062723c751e8b465ee728b)  -> (artifact id: 'd8ccb69cb2defeffe650efddc5b6ad77') in 0.045891 seconds
  Import took 0.078777 seconds .

========================================================================
Received Prepare
Refreshing native plugins compatible for Editor in 2.67 ms, found 0 plugins.
Preloading 0 native plugins for Editor in 0.00 ms.
Unloading 36 Unused Serialized files (Serialized files now loaded: 0)
System memory in use before: 96.3 MB.
System memory in use after: 93.7 MB.

Unloading 36 unused Assets to reduce memory usage. Loaded Objects now: 3888.
Total: 12.788200 ms (FindLiveObjects: 1.370800 ms CreateObjectMapping: 0.248700 ms MarkObjects: 8.255800 ms  DeleteObjects: 2.908200 ms)

========================================================================
Received Prepare
Registering precompiled user dll's ...
Registered in 0.002661 seconds.
Begin MonoManager ReloadAssembly
Native extension for WindowsStandalone target not found
Refreshing native plugins compatible for Editor in 4.48 ms, found 0 plugins.
Preloading 0 native plugins for Editor in 0.00 ms.
Invoked RoslynAnalysisRunner static constructor.
RoslynAnalysisRunner will not be running.
RoslynAnalysisRunner has terminated.
Mono: successfully reloaded assembly
- Completed reload, in  2.572 seconds
Platform modules already initialized, skipping
Refreshing native plugins compatible for Editor in 1.26 ms, found 0 plugins.
Preloading 0 native plugins for Editor in 0.00 ms.
Unloading 3216 Unused Serialized files (Serialized files now loaded: 0)
System memory in use before: 159.4 MB.
System memory in use after: 156.7 MB.

Unloading 39 unused Assets to reduce memory usage. Loaded Objects now: 3890.
Total: 17.246800 ms (FindLiveObjects: 3.656000 ms CreateObjectMapping: 1.344200 ms MarkObjects: 6.086700 ms  DeleteObjects: 6.153100 ms)

========================================================================
Received Prepare
Registering precompiled user dll's ...
Registered in 0.005892 seconds.
Begin MonoManager ReloadAssembly
Native extension for WindowsStandalone target not found
Refreshing native plugins compatible for Editor in 2.38 ms, found 0 plugins.
Preloading 0 native plugins for Editor in 0.00 ms.
Invoked RoslynAnalysisRunner static constructor.
RoslynAnalysisRunner will not be running.
RoslynAnalysisRunner has terminated.
Mono: successfully reloaded assembly
- Completed reload, in  3.440 seconds
Platform modules already initialized, skipping
Refreshing native plugins compatible for Editor in 1.48 ms, found 0 plugins.
Preloading 0 native plugins for Editor in 0.00 ms.
Unloading 3216 Unused Serialized files (Serialized files now loaded: 0)
System memory in use before: 159.4 MB.
System memory in use after: 156.8 MB.

Unloading 39 unused Assets to reduce memory usage. Loaded Objects now: 3892.
Total: 8.595000 ms (FindLiveObjects: 0.614400 ms CreateObjectMapping: 0.224300 ms MarkObjects: 3.819100 ms  DeleteObjects: 3.934500 ms)

========================================================================
Received Prepare
Registering precompiled user dll's ...
Registered in 0.003657 seconds.
Begin MonoManager ReloadAssembly
Native extension for WindowsStandalone target not found
Refreshing native plugins compatible for Editor in 2.82 ms, found 0 plugins.
Preloading 0 native plugins for Editor in 0.00 ms.
Invoked RoslynAnalysisRunner static constructor.
RoslynAnalysisRunner will not be running.
RoslynAnalysisRunner has terminated.
Mono: successfully reloaded assembly
- Completed reload, in  2.542 seconds
Platform modules already initialized, skipping
Refreshing native plugins compatible for Editor in 2.58 ms, found 0 plugins.
Preloading 0 native plugins for Editor in 0.00 ms.
Unloading 3216 Unused Serialized files (Serialized files now loaded: 0)
System memory in use before: 159.5 MB.
System memory in use after: 156.9 MB.

Unloading 39 unused Assets to reduce memory usage. Loaded Objects now: 3894.
Total: 13.702100 ms (FindLiveObjects: 1.352700 ms CreateObjectMapping: 0.181000 ms MarkObjects: 6.180600 ms  DeleteObjects: 5.982100 ms)

========================================================================
Received Import Request.
  Time since last request: 906.871747 seconds.
  path: Assets/Animations/CinematicsTimeline.playable
  artifactKey: Guid(5a54d61bc58f43341aa47f398b54ed14) Importer(815301076,1909f56bfc062723c751e8b465ee728b)
Start importing Assets/Animations/CinematicsTimeline.playable using Guid(5a54d61bc58f43341aa47f398b54ed14) Importer(815301076,1909f56bfc062723c751e8b465ee728b)  -> (artifact id: '2a766ff47aa4674d9572fc15ae27f010') in 0.484917 seconds
  Import took 0.504555 seconds .

========================================================================
Received Import Request.
  Time since last request: 0.000707 seconds.
  path: Assets/Animations/ScreenshotsTimeline.playable
  artifactKey: Guid(a68e4ad89ad65c04981239cc0044a707) Importer(815301076,1909f56bfc062723c751e8b465ee728b)
Start importing Assets/Animations/ScreenshotsTimeline.playable using Guid(a68e4ad89ad65c04981239cc0044a707) Importer(815301076,1909f56bfc062723c751e8b465ee728b)  -> (artifact id: '11085417c2bba12fefc7ffa8d2b8c81e') in 0.045522 seconds
  Import took 0.058017 seconds .

========================================================================
Received Import Request.
  Time since last request: 2.681976 seconds.
  path: Assets/HDRPDefaultResources/DefaultHDRISky.exr
  artifactKey: Guid(54a3a0570aebe8949bec4966f1376581) Importer(815301076,1909f56bfc062723c751e8b465ee728b)
Start importing Assets/HDRPDefaultResources/DefaultHDRISky.exr using Guid(54a3a0570aebe8949bec4966f1376581) Importer(815301076,1909f56bfc062723c751e8b465ee728b)  -> (artifact id: '57caf94667adb7eff92321de74d2c43c') in 0.268295 seconds
  Import took 0.284003 seconds .

========================================================================
Received Import Request.
  Time since last request: 0.000587 seconds.
  path: Assets/HDRPDefaultResources/HDRPDefaultSettings.asset
  artifactKey: Guid(582adbd84082fdb4faf7cd4beb1ccd14) Importer(815301076,1909f56bfc062723c751e8b465ee728b)
Start importing Assets/HDRPDefaultResources/HDRPDefaultSettings.asset using Guid(582adbd84082fdb4faf7cd4beb1ccd14) Importer(815301076,1909f56bfc062723c751e8b465ee728b)  -> (artifact id: '86f46344cb72690eadae102d4c06c358') in 0.032364 seconds
  Import took 0.045319 seconds .

========================================================================
Received Import Request.
  Time since last request: 0.000802 seconds.
  path: Assets/HDRPDefaultResources/SkyFogSettingsProfile.asset
  artifactKey: Guid(ea5c25297f0c0a04da0eabb1c26a7509) Importer(815301076,1909f56bfc062723c751e8b465ee728b)
Start importing Assets/HDRPDefaultResources/SkyFogSettingsProfile.asset using Guid(ea5c25297f0c0a04da0eabb1c26a7509) Importer(815301076,1909f56bfc062723c751e8b465ee728b)  -> (artifact id: 'a0e89d72871afd95257736df2530cbb6') in 0.022780 seconds
  Import took 0.037861 seconds .

========================================================================
Received Import Request.
  Time since last request: 0.000706 seconds.
  path: Assets/HDRPDefaultResources/DefaultSceneRoot.prefab
  artifactKey: Guid(2bfa7b9d63fa79e4abdc033f54a868d2) Importer(815301076,1909f56bfc062723c751e8b465ee728b)
Start importing Assets/HDRPDefaultResources/DefaultSceneRoot.prefab using Guid(2bfa7b9d63fa79e4abdc033f54a868d2) Importer(815301076,1909f56bfc062723c751e8b465ee728b)  -> (artifact id: '8dfbe351cac5c4d20bd1ffb2df2c3873') in 0.057832 seconds
  Import took 0.068066 seconds .

========================================================================
Received Import Request.
  Time since last request: 6.910831 seconds.
  path: Assets/Scripts/SimpleCameraController.cs
  artifactKey: Guid(14e519c409be4a1428028347410f5677) Importer(815301076,1909f56bfc062723c751e8b465ee728b)
Start importing Assets/Scripts/SimpleCameraController.cs using Guid(14e519c409be4a1428028347410f5677) Importer(815301076,1909f56bfc062723c751e8b465ee728b)  -> (artifact id: 'd86f9e9c5a8cb40b821ba6319ba28346') in 0.013998 seconds
  Import took 0.030836 seconds .

========================================================================
Received Import Request.
  Time since last request: 0.019477 seconds.
  path: Assets/Scripts/SimpleCameraController.cs
  artifactKey: Guid(14e519c409be4a1428028347410f5677) Importer(815301076,1909f56bfc062723c751e8b465ee728b)
Start importing Assets/Scripts/SimpleCameraController.cs using Guid(14e519c409be4a1428028347410f5677) Importer(815301076,1909f56bfc062723c751e8b465ee728b)  -> (artifact id: 'd86f9e9c5a8cb40b821ba6319ba28346') in 0.014552 seconds
  Import took 0.024455 seconds .

========================================================================
Received Import Request.
  Time since last request: 25.132484 seconds.
  path: Assets/Settings/HDRPHighQuality.asset
  artifactKey: Guid(36dd385e759c96147b6463dcd1149c11) Importer(815301076,1909f56bfc062723c751e8b465ee728b)
Start importing Assets/Settings/HDRPHighQuality.asset using Guid(36dd385e759c96147b6463dcd1149c11) Importer(815301076,1909f56bfc062723c751e8b465ee728b)  -> (artifact id: 'a65d825a2c5511720c15d4dabba753b6') in 0.015798 seconds
  Import took 0.025586 seconds .

========================================================================
Received Import Request.
  Time since last request: 0.000367 seconds.
  path: Assets/Settings/HDRPMediumQuality.asset
  artifactKey: Guid(3e2e6bfc59709614ab90c0cd7d755e48) Importer(815301076,1909f56bfc062723c751e8b465ee728b)
Start importing Assets/Settings/HDRPMediumQuality.asset using Guid(3e2e6bfc59709614ab90c0cd7d755e48) Importer(815301076,1909f56bfc062723c751e8b465ee728b)  -> (artifact id: 'f76175dac5ba00b1e6c5a8918f8cb551') in 0.026397 seconds
  Import took 0.036540 seconds .

========================================================================
Received Import Request.
  Time since last request: 0.000571 seconds.
  path: Assets/Settings/PlayerControllerFPS.prefab
  artifactKey: Guid(573ac53c334415945bf239de2c2f0511) Importer(815301076,1909f56bfc062723c751e8b465ee728b)
Start importing Assets/Settings/PlayerControllerFPS.prefab using Guid(573ac53c334415945bf239de2c2f0511) Importer(815301076,1909f56bfc062723c751e8b465ee728b)  -> (artifact id: '45adabbdeedb2f557c6332c2e2d86fbc') in 0.018997 seconds
  Import took 0.032332 seconds .

========================================================================
Received Import Request.
  Time since last request: 0.000477 seconds.
  path: Assets/Settings/HDRPLowQuality.asset
  artifactKey: Guid(168a2336534e4e043b2a210b6f8d379a) Importer(815301076,1909f56bfc062723c751e8b465ee728b)
Start importing Assets/Settings/HDRPLowQuality.asset using Guid(168a2336534e4e043b2a210b6f8d379a) Importer(815301076,1909f56bfc062723c751e8b465ee728b)  -> (artifact id: 'cf48e691868858c820c901e3930e5f94') in 0.019957 seconds
  Import took 0.030954 seconds .

========================================================================
Received Prepare
Registering precompiled user dll's ...
Registered in 0.002947 seconds.
Begin MonoManager ReloadAssembly
Native extension for WindowsStandalone target not found
Refreshing native plugins compatible for Editor in 1.78 ms, found 0 plugins.
Preloading 0 native plugins for Editor in 0.00 ms.
Invoked RoslynAnalysisRunner static constructor.
RoslynAnalysisRunner will not be running.
RoslynAnalysisRunner has terminated.
Mono: successfully reloaded assembly
- Completed reload, in  1.748 seconds
Platform modules already initialized, skipping
Refreshing native plugins compatible for Editor in 0.76 ms, found 0 plugins.
Preloading 0 native plugins for Editor in 0.00 ms.
Unloading 3217 Unused Serialized files (Serialized files now loaded: 0)
System memory in use before: 162.8 MB.
System memory in use after: 160.1 MB.

Unloading 40 unused Assets to reduce memory usage. Loaded Objects now: 3928.
Total: 7.939100 ms (FindLiveObjects: 0.544300 ms CreateObjectMapping: 0.131100 ms MarkObjects: 3.693800 ms  DeleteObjects: 3.567000 ms)

========================================================================
Received Prepare
Registering precompiled user dll's ...
Registered in 0.002519 seconds.
Begin MonoManager ReloadAssembly
Native extension for WindowsStandalone target not found
Refreshing native plugins compatible for Editor in 0.96 ms, found 0 plugins.
Preloading 0 native plugins for Editor in 0.00 ms.
Invoked RoslynAnalysisRunner static constructor.
RoslynAnalysisRunner will not be running.
RoslynAnalysisRunner has terminated.
Mono: successfully reloaded assembly
- Completed reload, in  1.736 seconds
Platform modules already initialized, skipping
Refreshing native plugins compatible for Editor in 1.37 ms, found 0 plugins.
Preloading 0 native plugins for Editor in 0.00 ms.
Unloading 3216 Unused Serialized files (Serialized files now loaded: 0)
System memory in use before: 162.8 MB.
System memory in use after: 160.1 MB.

Unloading 39 unused Assets to reduce memory usage. Loaded Objects now: 3930.
Total: 8.974400 ms (FindLiveObjects: 0.741900 ms CreateObjectMapping: 0.313300 ms MarkObjects: 3.771300 ms  DeleteObjects: 4.144800 ms)

========================================================================
Received Prepare
Registering precompiled user dll's ...
Registered in 0.005274 seconds.
Begin MonoManager ReloadAssembly
Native extension for WindowsStandalone target not found
Refreshing native plugins compatible for Editor in 2.85 ms, found 0 plugins.
Preloading 0 native plugins for Editor in 0.00 ms.
Invoked RoslynAnalysisRunner static constructor.
RoslynAnalysisRunner will not be running.
RoslynAnalysisRunner has terminated.
Mono: successfully reloaded assembly
- Completed reload, in  4.302 seconds
Platform modules already initialized, skipping
Refreshing native plugins compatible for Editor in 2.50 ms, found 0 plugins.
Preloading 0 native plugins for Editor in 0.00 ms.
Unloading 3216 Unused Serialized files (Serialized files now loaded: 0)
System memory in use before: 162.9 MB.
System memory in use after: 160.3 MB.

Unloading 39 unused Assets to reduce memory usage. Loaded Objects now: 3932.
Total: 22.243300 ms (FindLiveObjects: 1.636100 ms CreateObjectMapping: 2.592400 ms MarkObjects: 11.613700 ms  DeleteObjects: 6.396000 ms)

========================================================================
Received Prepare
Registering precompiled user dll's ...
Registered in 0.003178 seconds.
Begin MonoManager ReloadAssembly
Native extension for WindowsStandalone target not found
Refreshing native plugins compatible for Editor in 0.93 ms, found 0 plugins.
Preloading 0 native plugins for Editor in 0.00 ms.
Invoked RoslynAnalysisRunner static constructor.
RoslynAnalysisRunner will not be running.
RoslynAnalysisRunner has terminated.
Mono: successfully reloaded assembly
- Completed reload, in  2.036 seconds
Platform modules already initialized, skipping
Refreshing native plugins compatible for Editor in 0.91 ms, found 0 plugins.
Preloading 0 native plugins for Editor in 0.00 ms.
Unloading 3216 Unused Serialized files (Serialized files now loaded: 0)
System memory in use before: 162.9 MB.
System memory in use after: 160.3 MB.

Unloading 39 unused Assets to reduce memory usage. Loaded Objects now: 3934.
Total: 8.994000 ms (FindLiveObjects: 1.239000 ms CreateObjectMapping: 0.420600 ms MarkObjects: 3.643900 ms  DeleteObjects: 3.687800 ms)

========================================================================
Received Prepare
Registering precompiled user dll's ...
Registered in 0.002999 seconds.
Begin MonoManager ReloadAssembly
Native extension for WindowsStandalone target not found
Refreshing native plugins compatible for Editor in 3.06 ms, found 0 plugins.
Preloading 0 native plugins for Editor in 0.00 ms.
Invoked RoslynAnalysisRunner static constructor.
RoslynAnalysisRunner will not be running.
RoslynAnalysisRunner has terminated.
Mono: successfully reloaded assembly
- Completed reload, in  2.693 seconds
Platform modules already initialized, skipping
Refreshing native plugins compatible for Editor in 2.27 ms, found 0 plugins.
Preloading 0 native plugins for Editor in 0.00 ms.
Unloading 3216 Unused Serialized files (Serialized files now loaded: 0)
System memory in use before: 162.9 MB.
System memory in use after: 160.3 MB.

Unloading 39 unused Assets to reduce memory usage. Loaded Objects now: 3936.
Total: 16.719300 ms (FindLiveObjects: 1.208900 ms CreateObjectMapping: 0.275400 ms MarkObjects: 8.237600 ms  DeleteObjects: 6.990500 ms)

========================================================================
Received Import Request.
  Time since last request: 3313.779485 seconds.
  path: Assets/mouseOver.cs
  artifactKey: Guid(8a3bec60cf0f01d47a78fa679023e0f8) Importer(815301076,1909f56bfc062723c751e8b465ee728b)
Start importing Assets/mouseOver.cs using Guid(8a3bec60cf0f01d47a78fa679023e0f8) Importer(815301076,1909f56bfc062723c751e8b465ee728b)  -> (artifact id: 'ca4a869c2a46077ec9fc8d878fa87725') in 0.058028 seconds
  Import took 0.080502 seconds .

========================================================================
Received Prepare
Registering precompiled user dll's ...
Registered in 0.008709 seconds.
Begin MonoManager ReloadAssembly
Native extension for WindowsStandalone target not found
Refreshing native plugins compatible for Editor in 2.22 ms, found 0 plugins.
Preloading 0 native plugins for Editor in 0.00 ms.
Invoked RoslynAnalysisRunner static constructor.
RoslynAnalysisRunner will not be running.
RoslynAnalysisRunner has terminated.
Mono: successfully reloaded assembly
- Completed reload, in  3.652 seconds
Platform modules already initialized, skipping
Refreshing native plugins compatible for Editor in 2.29 ms, found 0 plugins.
Preloading 0 native plugins for Editor in 0.00 ms.
Unloading 3216 Unused Serialized files (Serialized files now loaded: 0)
System memory in use before: 162.9 MB.
System memory in use after: 160.3 MB.

Unloading 39 unused Assets to reduce memory usage. Loaded Objects now: 3938.
Total: 18.663700 ms (FindLiveObjects: 1.706400 ms CreateObjectMapping: 1.023400 ms MarkObjects: 7.901400 ms  DeleteObjects: 8.024500 ms)

========================================================================
Received Import Request.
  Time since last request: 297.061327 seconds.
  path: Assets/mouseOver.cs
  artifactKey: Guid(8a3bec60cf0f01d47a78fa679023e0f8) Importer(815301076,1909f56bfc062723c751e8b465ee728b)
Start importing Assets/mouseOver.cs using Guid(8a3bec60cf0f01d47a78fa679023e0f8) Importer(815301076,1909f56bfc062723c751e8b465ee728b)  -> (artifact id: '3f45cce5bfff9cf4ef08ce28c3722e6e') in 0.064036 seconds
  Import took 0.088023 seconds .

========================================================================
Received Prepare
Registering precompiled user dll's ...
Registered in 0.005248 seconds.
Begin MonoManager ReloadAssembly
Native extension for WindowsStandalone target not found
Refreshing native plugins compatible for Editor in 2.55 ms, found 0 plugins.
Preloading 0 native plugins for Editor in 0.00 ms.
Invoked RoslynAnalysisRunner static constructor.
RoslynAnalysisRunner will not be running.
RoslynAnalysisRunner has terminated.
Mono: successfully reloaded assembly
- Completed reload, in  2.677 seconds
Platform modules already initialized, skipping
Refreshing native plugins compatible for Editor in 2.37 ms, found 0 plugins.
Preloading 0 native plugins for Editor in 0.00 ms.
Unloading 3216 Unused Serialized files (Serialized files now loaded: 0)
System memory in use before: 162.9 MB.
System memory in use after: 160.3 MB.

Unloading 39 unused Assets to reduce memory usage. Loaded Objects now: 3940.
Total: 18.711400 ms (FindLiveObjects: 1.325100 ms CreateObjectMapping: 0.607500 ms MarkObjects: 8.469400 ms  DeleteObjects: 8.302700 ms)

========================================================================
Received Prepare
Registering precompiled user dll's ...
Registered in 0.002518 seconds.
Begin MonoManager ReloadAssembly
Native extension for WindowsStandalone target not found
Refreshing native plugins compatible for Editor in 1.89 ms, found 0 plugins.
Preloading 0 native plugins for Editor in 0.00 ms.
Invoked RoslynAnalysisRunner static constructor.
RoslynAnalysisRunner will not be running.
RoslynAnalysisRunner has terminated.
Mono: successfully reloaded assembly
- Completed reload, in  3.056 seconds
Platform modules already initialized, skipping
Refreshing native plugins compatible for Editor in 1.73 ms, found 0 plugins.
Preloading 0 native plugins for Editor in 0.00 ms.
Unloading 3216 Unused Serialized files (Serialized files now loaded: 0)
System memory in use before: 162.9 MB.
System memory in use after: 160.3 MB.

Unloading 39 unused Assets to reduce memory usage. Loaded Objects now: 3942.
Total: 19.379700 ms (FindLiveObjects: 1.400700 ms CreateObjectMapping: 0.386600 ms MarkObjects: 10.404000 ms  DeleteObjects: 7.182000 ms)

========================================================================
Received Prepare
Registering precompiled user dll's ...
Registered in 0.004589 seconds.
Begin MonoManager ReloadAssembly
Native extension for WindowsStandalone target not found
Refreshing native plugins compatible for Editor in 4.35 ms, found 0 plugins.
Preloading 0 native plugins for Editor in 0.00 ms.
Invoked RoslynAnalysisRunner static constructor.
RoslynAnalysisRunner will not be running.
RoslynAnalysisRunner has terminated.
Mono: successfully reloaded assembly
- Completed reload, in  3.172 seconds
Platform modules already initialized, skipping
Refreshing native plugins compatible for Editor in 1.71 ms, found 0 plugins.
Preloading 0 native plugins for Editor in 0.00 ms.
Unloading 3216 Unused Serialized files (Serialized files now loaded: 0)
System memory in use before: 162.9 MB.
System memory in use after: 160.3 MB.

Unloading 39 unused Assets to reduce memory usage. Loaded Objects now: 3944.
Total: 11.522200 ms (FindLiveObjects: 1.116200 ms CreateObjectMapping: 0.514900 ms MarkObjects: 5.512300 ms  DeleteObjects: 4.375100 ms)

========================================================================
Received Prepare
Registering precompiled user dll's ...
Registered in 0.007732 seconds.
Begin MonoManager ReloadAssembly
Native extension for WindowsStandalone target not found
Refreshing native plugins compatible for Editor in 3.23 ms, found 0 plugins.
Preloading 0 native plugins for Editor in 0.00 ms.
Invoked RoslynAnalysisRunner static constructor.
RoslynAnalysisRunner will not be running.
RoslynAnalysisRunner has terminated.
Mono: successfully reloaded assembly
- Completed reload, in  3.714 seconds
Platform modules already initialized, skipping
Refreshing native plugins compatible for Editor in 2.12 ms, found 0 plugins.
Preloading 0 native plugins for Editor in 0.00 ms.
Unloading 3216 Unused Serialized files (Serialized files now loaded: 0)
System memory in use before: 163.0 MB.
System memory in use after: 160.3 MB.

Unloading 39 unused Assets to reduce memory usage. Loaded Objects now: 3946.
Total: 20.757100 ms (FindLiveObjects: 1.975200 ms CreateObjectMapping: 0.842700 ms MarkObjects: 9.880800 ms  DeleteObjects: 8.049500 ms)

========================================================================
Received Prepare
Registering precompiled user dll's ...
Registered in 0.003264 seconds.
Begin MonoManager ReloadAssembly
Native extension for WindowsStandalone target not found
Refreshing native plugins compatible for Editor in 2.52 ms, found 0 plugins.
Preloading 0 native plugins for Editor in 0.00 ms.
Invoked RoslynAnalysisRunner static constructor.
RoslynAnalysisRunner will not be running.
RoslynAnalysisRunner has terminated.
Mono: successfully reloaded assembly
- Completed reload, in  2.828 seconds
Platform modules already initialized, skipping
Refreshing native plugins compatible for Editor in 1.55 ms, found 0 plugins.
Preloading 0 native plugins for Editor in 0.00 ms.
Unloading 3216 Unused Serialized files (Serialized files now loaded: 0)
System memory in use before: 163.0 MB.
System memory in use after: 160.4 MB.

Unloading 39 unused Assets to reduce memory usage. Loaded Objects now: 3948.
Total: 24.552100 ms (FindLiveObjects: 1.552600 ms CreateObjectMapping: 0.995900 ms MarkObjects: 16.679400 ms  DeleteObjects: 5.319500 ms)

========================================================================
Received Prepare
Registering precompiled user dll's ...
Registered in 0.003086 seconds.
Begin MonoManager ReloadAssembly
Native extension for WindowsStandalone target not found
Refreshing native plugins compatible for Editor in 0.75 ms, found 0 plugins.
Preloading 0 native plugins for Editor in 0.00 ms.
Invoked RoslynAnalysisRunner static constructor.
RoslynAnalysisRunner will not be running.
RoslynAnalysisRunner has terminated.
Mono: successfully reloaded assembly
- Completed reload, in  1.522 seconds
Platform modules already initialized, skipping
Refreshing native plugins compatible for Editor in 0.88 ms, found 0 plugins.
Preloading 0 native plugins for Editor in 0.00 ms.
Unloading 3216 Unused Serialized files (Serialized files now loaded: 0)
System memory in use before: 163.0 MB.
System memory in use after: 160.4 MB.

Unloading 39 unused Assets to reduce memory usage. Loaded Objects now: 3950.
Total: 10.668900 ms (FindLiveObjects: 0.764300 ms CreateObjectMapping: 0.276600 ms MarkObjects: 5.024600 ms  DeleteObjects: 4.600800 ms)

AssetImportWorkerClient::OnTransportError - code=2 error=End of file
